# JRE version: Java(TM) SE Runtime Environment (8.0_40-b27) (build 1.8.0_40-b27)
# Java VM: Java HotSpot(TM) 64-Bit Server VM (25.40-b25 mixed mode bsd-amd64 compressed oops)
Heap:
 PSYoungGen      total 46080K, used 13753K [0x0000000795580000, 0x0000000798900000, 0x00000007c0000000)
  eden space 40960K, 21% used [0x0000000795580000,0x0000000795df0ac8,0x0000000797d80000)
  from space 5120K, 99% used [0x0000000798400000,0x00000007988fda90,0x0000000798900000)
  to   space 5120K, 0% used [0x0000000797f00000,0x0000000797f00000,0x0000000798400000)
 ParOldGen       total 68096K, used 20515K [0x0000000740000000, 0x0000000744280000, 0x0000000795580000)
  object space 68096K, 30% used [0x0000000740000000,0x0000000741408fc0,0x0000000744280000)
 Metaspace       used 25212K, capacity 27302K, committed 27648K, reserved 1073152K
  class space    used 3620K, capacity 3985K, committed 4096K, reserved 1048576K
GC Heap History (10 events):
Event: 1.476 GC heap before
{Heap before GC invocations=1 (full 0):
 PSYoungGen      total 38400K, used 33280K [0x0000000795580000, 0x0000000798000000, 0x00000007c0000000)
  eden space 33280K, 100% used [0x0000000795580000,0x0000000797600000,0x0000000797600000)
  from space 5120K, 0% used [0x0000000797b00000,0x0000000797b00000,0x0000000798000000)
  to   space 5120K, 0% used [0x0000000797600000,0x0000000797600000,0x0000000797b00000)
 ParOldGen       total 87552K, used 0K [0x0000000740000000, 0x0000000745580000, 0x0000000795580000)
  object space 87552K, 0% used [0x0000000740000000,0x0000000740000000,0x0000000745580000)
 Metaspace       used 11524K, capacity 11840K, committed 11904K, reserved 1058816K
  class space    used 1454K, capacity 1602K, committed 1664K, reserved 1048576K
Event: 1.484 GC heap after
Heap after GC invocations=1 (full 0):
 PSYoungGen      total 38400K, used 4796K [0x0000000795580000, 0x0000000798000000, 0x00000007c0000000)
  eden space 33280K, 0% used [0x0000000795580000,0x0000000795580000,0x0000000797600000)
  from space 5120K, 93% used [0x0000000797600000,0x0000000797aaf138,0x0000000797b00000)
  to   space 5120K, 0% used [0x0000000797b00000,0x0000000797b00000,0x0000000798000000)
 ParOldGen       total 87552K, used 16K [0x0000000740000000, 0x0000000745580000, 0x0000000795580000)
  object space 87552K, 0% used [0x0000000740000000,0x0000000740004000,0x0000000745580000)
 Metaspace       used 11524K, capacity 11840K, committed 11904K, reserved 1058816K
  class space    used 1454K, capacity 1602K, committed 1664K, reserved 1048576K
}
Event: 2.934 GC heap before
{Heap before GC invocations=2 (full 0):
 PSYoungGen      total 38400K, used 34574K [0x0000000795580000, 0x0000000798000000, 0x00000007c0000000)
  eden space 33280K, 89% used [0x0000000795580000,0x0000000797294a58,0x0000000797600000)
  from space 5120K, 93% used [0x0000000797600000,0x0000000797aaf138,0x0000000797b00000)
  to   space 5120K, 0% used [0x0000000797b00000,0x0000000797b00000,0x0000000798000000)
 ParOldGen       total 87552K, used 16K [0x0000000740000000, 0x0000000745580000, 0x0000000795580000)
  object space 87552K, 0% used [0x0000000740000000,0x0000000740004000,0x0000000745580000)
 Metaspace       used 20053K, capacity 21192K, committed 21296K, reserved 1067008K
  class space    used 2955K, capacity 3174K, committed 3200K, reserved 1048576K
Event: 2.946 GC heap after
Heap after GC invocations=2 (full 0):
 PSYoungGen      total 38400K, used 5088K [0x0000000795580000, 0x0000000798000000, 0x00000007c0000000)
  eden space 33280K, 0% used [0x0000000795580000,0x0000000795580000,0x0000000797600000)
  from space 5120K, 99% used [0x0000000797b00000,0x0000000797ff8020,0x0000000798000000)
  to   space 5120K, 0% used [0x0000000797600000,0x0000000797600000,0x0000000797b00000)
 ParOldGen       total 87552K, used 2871K [0x0000000740000000, 0x0000000745580000, 0x0000000795580000)
  object space 87552K, 3% used [0x0000000740000000,0x00000007402cde10,0x0000000745580000)
 Metaspace       used 20053K, capacity 21192K, committed 21296K, reserved 1067008K
  class space    used 2955K, capacity 3174K, committed 3200K, reserved 1048576K
}
Event: 2.946 GC heap before
{Heap before GC invocations=3 (full 1):
 PSYoungGen      total 38400K, used 5088K [0x0000000795580000, 0x0000000798000000, 0x00000007c0000000)
  eden space 33280K, 0% used [0x0000000795580000,0x0000000795580000,0x0000000797600000)
  from space 5120K, 99% used [0x0000000797b00000,0x0000000797ff8020,0x0000000798000000)
  to   space 5120K, 0% used [0x0000000797600000,0x0000000797600000,0x0000000797b00000)
 ParOldGen       total 87552K, used 2871K [0x0000000740000000, 0x0000000745580000, 0x0000000795580000)
  object space 87552K, 3% used [0x0000000740000000,0x00000007402cde10,0x0000000745580000)
 Metaspace       used 20053K, capacity 21192K, committed 21296K, reserved 1067008K
  class space    used 2955K, capacity 3174K, committed 3200K, reserved 1048576K
Event: 2.986 GC heap after
Heap after GC invocations=3 (full 1):
 PSYoungGen      total 38400K, used 0K [0x0000000795580000, 0x0000000798000000, 0x00000007c0000000)
  eden space 33280K, 0% used [0x0000000795580000,0x0000000795580000,0x0000000797600000)
  from space 5120K, 0% used [0x0000000797b00000,0x0000000797b00000,0x0000000798000000)
  to   space 5120K, 0% used [0x0000000797600000,0x0000000797600000,0x0000000797b00000)
 ParOldGen       total 68096K, used 7749K [0x0000000740000000, 0x0000000744280000, 0x0000000795580000)
  object space 68096K, 11% used [0x0000000740000000,0x00000007407914d8,0x0000000744280000)
 Metaspace       used 20053K, capacity 21192K, committed 21296K, reserved 1067008K
  class space    used 2955K, capacity 3174K, committed 3200K, reserved 1048576K
}
Event: 7.858 GC heap before
{Heap before GC invocations=4 (full 1):
 PSYoungGen      total 38400K, used 33280K [0x0000000795580000, 0x0000000798000000, 0x00000007c0000000)
  eden space 33280K, 100% used [0x0000000795580000,0x0000000797600000,0x0000000797600000)
  from space 5120K, 0% used [0x0000000797b00000,0x0000000797b00000,0x0000000798000000)
  to   space 5120K, 0% used [0x0000000797600000,0x0000000797600000,0x0000000797b00000)
 ParOldGen       total 68096K, used 7749K [0x0000000740000000, 0x0000000744280000, 0x0000000795580000)
  object space 68096K, 11% used [0x0000000740000000,0x00000007407914d8,0x0000000744280000)
 Metaspace       used 23736K, capacity 25576K, committed 25856K, reserved 1071104K
  class space    used 3473K, capacity 3798K, committed 3840K, reserved 1048576K
Event: 7.868 GC heap after
Heap after GC invocations=4 (full 1):
 PSYoungGen      total 38400K, used 3282K [0x0000000795580000, 0x0000000798900000, 0x00000007c0000000)
  eden space 33280K, 0% used [0x0000000795580000,0x0000000795580000,0x0000000797600000)
  from space 5120K, 64% used [0x0000000797600000,0x00000007979348f0,0x0000000797b00000)
  to   space 5120K, 0% used [0x0000000798400000,0x0000000798400000,0x0000000798900000)
 ParOldGen       total 68096K, used 16821K [0x0000000740000000, 0x0000000744280000, 0x0000000795580000)
  object space 68096K, 24% used [0x0000000740000000,0x000000074106d4f8,0x0000000744280000)
 Metaspace       used 23736K, capacity 25576K, committed 25856K, reserved 1071104K
  class space    used 3473K, capacity 3798K, committed 3840K, reserved 1048576K
}
Event: 50.772 GC heap before
{Heap before GC invocations=5 (full 1):
 PSYoungGen      total 38400K, used 36562K [0x0000000795580000, 0x0000000798900000, 0x00000007c0000000)
  eden space 33280K, 100% used [0x0000000795580000,0x0000000797600000,0x0000000797600000)
  from space 5120K, 64% used [0x0000000797600000,0x00000007979348f0,0x0000000797b00000)
  to   space 5120K, 0% used [0x0000000798400000,0x0000000798400000,0x0000000798900000)
 ParOldGen       total 68096K, used 16821K [0x0000000740000000, 0x0000000744280000, 0x0000000795580000)
  object space 68096K, 24% used [0x0000000740000000,0x000000074106d4f8,0x0000000744280000)
 Metaspace       used 25110K, capacity 27206K, committed 27392K, reserved 1073152K
  class space    used 3616K, capacity 3979K, committed 4096K, reserved 1048576K
Event: 50.798 GC heap after
Heap after GC invocations=5 (full 1):
 PSYoungGen      total 46080K, used 5110K [0x0000000795580000, 0x0000000798900000, 0x00000007c0000000)
  eden space 40960K, 0% used [0x0000000795580000,0x0000000795580000,0x0000000797d80000)
  from space 5120K, 99% used [0x0000000798400000,0x00000007988fda90,0x0000000798900000)
  to   space 5120K, 0% used [0x0000000797f00000,0x0000000797f00000,0x0000000798400000)
 ParOldGen       total 68096K, used 20515K [0x0000000740000000, 0x0000000744280000, 0x0000000795580000)
  object space 68096K, 30% used [0x0000000740000000,0x0000000741408fc0,0x0000000744280000)
 Metaspace       used 25110K, capacity 27206K, committed 27392K, reserved 1073152K
  class space    used 3616K, capacity 3979K, committed 4096K, reserved 1048576K
}

